<?xml version="1.0" encoding="UTF-8"?>
<!-- Generated by org.testng.reporters.JUnitReportReporter -->
<testsuite hostname="DESKTOP-71O0MOG" failures="0" tests="1" name="snapdealTest.SnapdealTest" time="20.359" errors="0" timestamp="2023-10-21T12:35:07 IST" skipped="0">
  <testcase classname="snapdealTest.SnapdealTest" name="Snapdeal" time="20.359"/>
</testsuite> <!-- snapdealTest.SnapdealTest -->
