<?xml version="1.0" encoding="UTF-8"?>
<!-- Generated by org.testng.reporters.JUnitReportReporter -->
<testsuite hostname="DESKTOP-71O0MOG" failures="0" tests="1" name="Seleniumproject.SearchProduct" time="0.217" errors="0" timestamp="2023-10-21T13:31:26 IST" skipped="0">
  <testcase classname="Seleniumproject.SearchProduct" name="search" time="0.217"/>
</testsuite> <!-- Seleniumproject.SearchProduct -->
